<?xml version="1.0" encoding="UTF-8"?>
<!-- Generated by org.testng.reporters.JUnitReportReporter -->
<testsuite hostname="MAHESH-LAPTOP" failures="0" tests="6" name="api.test.UserTest" time="12.421" errors="0" timestamp="2024-10-01T15:26:46 IST" skipped="0">
  <testcase classname="api.test.UserTest" name="testPostUser" time="3.726"/>
  <testcase classname="api.test.UserTest" name="testGetUser1" time="1.781"/>
  <testcase classname="api.test.UserTest" name="testPutUser" time="1.835"/>
  <testcase classname="api.test.UserTest" name="testGetUser2" time="1.527"/>
  <testcase classname="api.test.UserTest" name="testDeleteUser" time="1.736"/>
  <testcase classname="api.test.UserTest" name="testGetUser3" time="1.816"/>
</testsuite> <!-- api.test.UserTest -->
