<?xml version="1.0" encoding="UTF-8"?>
<!-- Generated by org.testng.reporters.JUnitReportReporter -->
<testsuite hostname="MAHESH-LAPTOP" failures="0" tests="1" name="api.utilities.DataProviderClass" time="1.700" errors="0" timestamp="2024-10-01T17:15:51 IST" skipped="0">
  <testcase classname="api.utilities.DataProviderClass" name="getUserData" time="1.700"/>
</testsuite> <!-- api.utilities.DataProviderClass -->
