<?xml version="1.0" encoding="UTF-8"?>
<!-- Generated by org.testng.reporters.JUnitReportReporter -->
<testsuite hostname="MAHESH-LAPTOP" failures="0" tests="6" name="api.test.UserAPITest_POJO2" time="13.033" errors="0" timestamp="2024-10-02T09:16:46 IST" skipped="0">
  <testcase classname="api.test.UserAPITest_POJO2" name="testCreateUser" time="4.905"/>
  <testcase classname="api.test.UserAPITest_POJO2" name="testReadUser1" time="1.560"/>
  <testcase classname="api.test.UserAPITest_POJO2" name="testUpdateUser" time="1.493"/>
  <testcase classname="api.test.UserAPITest_POJO2" name="testReadUser2" time="1.707"/>
  <testcase classname="api.test.UserAPITest_POJO2" name="testDeleteUser" time="1.528"/>
  <testcase classname="api.test.UserAPITest_POJO2" name="testReadUser3" time="1.840"/>
</testsuite> <!-- api.test.UserAPITest_POJO2 -->
