<?xml version="1.0" encoding="UTF-8"?>
<!-- Generated by org.testng.reporters.JUnitReportReporter -->
<testsuite hostname="MAHESH-LAPTOP" failures="0" tests="15" name="api.test.UserAPITest_DDT" time="29.404" errors="0" timestamp="2024-10-02T08:36:47 IST" skipped="0">
  <testcase classname="api.test.UserAPITest_DDT" name="testCreateUser" time="1.532"/>
  <testcase classname="api.test.UserAPITest_DDT" name="testCreateUser" time="1.920"/>
  <testcase classname="api.test.UserAPITest_DDT" name="testCreateUser" time="4.471"/>
  <testcase classname="api.test.UserAPITest_DDT" name="testCreateUser" time="1.833"/>
  <testcase classname="api.test.UserAPITest_DDT" name="testCreateUser" time="1.719"/>
  <testcase classname="api.test.UserAPITest_DDT" name="testReadUserByName" time="1.948"/>
  <testcase classname="api.test.UserAPITest_DDT" name="testReadUserByName" time="1.725"/>
  <testcase classname="api.test.UserAPITest_DDT" name="testReadUserByName" time="1.729"/>
  <testcase classname="api.test.UserAPITest_DDT" name="testReadUserByName" time="1.694"/>
  <testcase classname="api.test.UserAPITest_DDT" name="testReadUserByName" time="1.731"/>
  <testcase classname="api.test.UserAPITest_DDT" name="testDeleteUserByName" time="1.699"/>
  <testcase classname="api.test.UserAPITest_DDT" name="testDeleteUserByName" time="1.900"/>
  <testcase classname="api.test.UserAPITest_DDT" name="testDeleteUserByName" time="2.024"/>
  <testcase classname="api.test.UserAPITest_DDT" name="testDeleteUserByName" time="1.639"/>
  <testcase classname="api.test.UserAPITest_DDT" name="testDeleteUserByName" time="1.840"/>
</testsuite> <!-- api.test.UserAPITest_DDT -->
