<?xml version="1.0" encoding="UTF-8"?>
<!-- Generated by org.testng.reporters.JUnitReportReporter -->
<testsuite hostname="MAHESH-LAPTOP" failures="0" tests="6" name="api.test.UserAPITest_POJO2" time="11.733" errors="0" timestamp="2024-10-03T11:34:26 IST" skipped="0">
  <testcase classname="api.test.UserAPITest_POJO2" name="testCreateUser" time="3.639"/>
  <testcase classname="api.test.UserAPITest_POJO2" name="testReadUser1" time="1.776"/>
  <testcase classname="api.test.UserAPITest_POJO2" name="testUpdateUser" time="1.546"/>
  <testcase classname="api.test.UserAPITest_POJO2" name="testReadUser2" time="1.719"/>
  <testcase classname="api.test.UserAPITest_POJO2" name="testDeleteUser" time="1.628"/>
  <testcase classname="api.test.UserAPITest_POJO2" name="testReadUser3" time="1.425"/>
</testsuite> <!-- api.test.UserAPITest_POJO2 -->
