<?xml version="1.0" encoding="UTF-8"?>
<!-- Generated by org.testng.reporters.JUnitReportReporter -->
<testsuite hostname="MAHESH-LAPTOP" failures="0" tests="6" name="api.test.UserAPITest_POJO" time="12.076" errors="0" timestamp="2024-10-02T00:04:23 IST" skipped="0">
  <testcase classname="api.test.UserAPITest_POJO" name="testCreateUser" time="3.479"/>
  <testcase classname="api.test.UserAPITest_POJO" name="testReadUser1" time="1.671"/>
  <testcase classname="api.test.UserAPITest_POJO" name="testUpdateUser" time="1.928"/>
  <testcase classname="api.test.UserAPITest_POJO" name="testReadUser2" time="1.423"/>
  <testcase classname="api.test.UserAPITest_POJO" name="testDeleteUser" time="1.740"/>
  <testcase classname="api.test.UserAPITest_POJO" name="testReadUser3" time="1.835"/>
</testsuite> <!-- api.test.UserAPITest_POJO -->
