<?xml version="1.0" encoding="UTF-8"?>
<!-- Generated by org.testng.reporters.JUnitReportReporter -->
<testsuite hostname="MAHESH-LAPTOP" failures="0" tests="6" name="api.test.UserAPITest_POJO" time="13.218" errors="0" timestamp="2024-10-03T17:00:09 IST" skipped="0">
  <testcase classname="api.test.UserAPITest_POJO" name="testCreateUser" time="3.733"/>
  <testcase classname="api.test.UserAPITest_POJO" name="testReadUser1" time="1.948"/>
  <testcase classname="api.test.UserAPITest_POJO" name="testUpdateUser" time="1.624"/>
  <testcase classname="api.test.UserAPITest_POJO" name="testReadUser2" time="2.039"/>
  <testcase classname="api.test.UserAPITest_POJO" name="testDeleteUser" time="1.732"/>
  <testcase classname="api.test.UserAPITest_POJO" name="testReadUser3" time="2.142"/>
</testsuite> <!-- api.test.UserAPITest_POJO -->
