<?xml version="1.0" encoding="UTF-8"?>
<!-- Generated by org.testng.reporters.JUnitReportReporter -->
<testsuite hostname="MAHESH-LAPTOP" failures="0" tests="6" name="api.test.UserAPITest_POJO2" time="13.998" errors="0" timestamp="2024-10-02T10:27:30 IST" skipped="0">
  <testcase classname="api.test.UserAPITest_POJO2" name="testCreateUser" time="3.808"/>
  <testcase classname="api.test.UserAPITest_POJO2" name="testReadUser1" time="1.923"/>
  <testcase classname="api.test.UserAPITest_POJO2" name="testUpdateUser" time="1.613"/>
  <testcase classname="api.test.UserAPITest_POJO2" name="testReadUser2" time="1.845"/>
  <testcase classname="api.test.UserAPITest_POJO2" name="testDeleteUser" time="1.845"/>
  <testcase classname="api.test.UserAPITest_POJO2" name="testReadUser3" time="2.964"/>
</testsuite> <!-- api.test.UserAPITest_POJO2 -->
